\BOOKMARK [0][-]{chapter*.8}{Introduction}{}% 1
\BOOKMARK [0][-]{chapter.1}{B\366l\374m 1: R Markdown Basics}{}% 2
\BOOKMARK [1][-]{section.1.1}{Lists}{chapter.1}% 3
\BOOKMARK [1][-]{section.1.2}{Line breaks}{chapter.1}% 4
\BOOKMARK [1][-]{section.1.3}{R chunks}{chapter.1}% 5
\BOOKMARK [1][-]{section.1.4}{Inline code}{chapter.1}% 6
\BOOKMARK [1][-]{section.1.5}{Including plots}{chapter.1}% 7
\BOOKMARK [1][-]{section.1.6}{Loading and exploring data}{chapter.1}% 8
\BOOKMARK [1][-]{section.1.7}{Additional resources}{chapter.1}% 9
\BOOKMARK [0][-]{chapter.2}{B\366l\374m 2: Mathematics and Science}{}% 10
\BOOKMARK [1][-]{section.2.1}{Math}{chapter.2}% 11
\BOOKMARK [1][-]{section.2.2}{Chemistry 101: Symbols}{chapter.2}% 12
\BOOKMARK [2][-]{subsection.2.2.1}{Typesetting reactions}{section.2.2}% 13
\BOOKMARK [2][-]{subsection.2.2.2}{Other examples of reactions}{section.2.2}% 14
\BOOKMARK [1][-]{section.2.3}{Physics}{chapter.2}% 15
\BOOKMARK [1][-]{section.2.4}{Biology}{chapter.2}% 16
\BOOKMARK [0][-]{chapter.3}{B\366l\374m 3: Tables, Graphics, References, and Labels}{}% 17
\BOOKMARK [1][-]{section.3.1}{Tables}{chapter.3}% 18
\BOOKMARK [1][-]{section.3.2}{Figures}{chapter.3}% 19
\BOOKMARK [1][-]{section.3.3}{Footnotes and Endnotes}{chapter.3}% 20
\BOOKMARK [1][-]{section.3.4}{Bibliographies}{chapter.3}% 21
\BOOKMARK [1][-]{section.3.5}{Anything else?}{chapter.3}% 22
\BOOKMARK [0][-]{chapter*.13}{Sonu\347}{}% 23
\BOOKMARK [0][-]{appendix.A}{Ek A: Ilk Ek Basl\232g\232}{}% 24
\BOOKMARK [0][-]{appendix.B}{Ek B: Ikinci Ek Basl\232g\232}{}% 25
\BOOKMARK [0][-]{appendix*.14}{Kaynaklar}{}% 26
